<?xml version="1.0" encoding="UTF-8"?>
<!-- Generated by org.testng.reporters.JUnitReportReporter -->
<testsuite skipped="0" hostname="LAPTOP-0AOM9FTS" name="qaclickacademy.RestAPI" tests="2" failures="0" timestamp="2020-07-05T22:39:09 EDT" time="0.004" errors="0">
  <testcase name="postJira" time="0.002" classname="qaclickacademy.RestAPI"/>
  <system-out/>
  <testcase name="deleteTwitter" time="0.002" classname="qaclickacademy.RestAPI"/>
  <system-out/>
</testsuite> <!-- qaclickacademy.RestAPI -->
