<?xml version="1.0" encoding="UTF-8"?>
<!-- Generated by org.testng.reporters.JUnitReportReporter -->
<testsuite skipped="0" hostname="LAPTOP-0AOM9FTS" name="qaclickacademy.Selenium" tests="2" failures="0" timestamp="2020-07-05T22:39:09 EDT" time="0.003" errors="0">
  <testcase name="browserAutomation" time="0.001" classname="qaclickacademy.Selenium"/>
  <system-out/>
  <testcase name="ElementsUI" time="0.002" classname="qaclickacademy.Selenium"/>
  <system-out/>
</testsuite> <!-- qaclickacademy.Selenium -->
