<?xml version="1.0" encoding="UTF-8"?>
<!-- Generated by org.testng.reporters.JUnitReportReporter -->
<testsuite skipped="0" hostname="LAPTOP-0AOM9FTS" name="qaclickacademy.Appium" tests="2" failures="0" timestamp="2020-07-05T22:39:09 EDT" time="0.014" errors="0">
  <testcase name="IOSApps" time="0.012" classname="qaclickacademy.Appium"/>
  <system-out/>
  <testcase name="nativeApp" time="0.002" classname="qaclickacademy.Appium"/>
  <system-out/>
</testsuite> <!-- qaclickacademy.Appium -->
