<?xml version="1.0" encoding="UTF-8"?>
<!-- Generated by org.testng.reporters.JUnitReportReporter -->
<testsuite skipped="0" hostname="LAPTOP-0AOM9FTS" name="qaclickacademy.Appium" tests="2" failures="0" timestamp="06 Jul 2020 02:45:11 GMT" time="0.007" errors="0">
  <testcase name="nativeApp" time="0.000" classname="qaclickacademy.Appium"/>
  <testcase name="IOSApps" time="0.007" classname="qaclickacademy.Appium"/>
</testsuite> <!-- qaclickacademy.Appium -->
